{"/sessions/lucid-pensive-planck/mnt/leadgen-crm/src/lib/auth.ts": {"path":"/sessions/lucid-pensive-planck/mnt/leadgen-crm/src/lib/auth.ts","statementMap":{"0":{"start":{"line":5,"column":23},"end":{"line":5,"column":null}},"1":{"start":{"line":7,"column":24},"end":{"line":7,"column":null}},"2":{"start":{"line":10,"column":17},"end":{"line":10,"column":null}},"3":{"start":{"line":11,"column":2},"end":{"line":16,"column":null}},"4":{"start":{"line":12,"column":4},"end":{"line":15,"column":null}},"5":{"start":{"line":17,"column":2},"end":{"line":17,"column":null}},"6":{"start":{"line":21,"column":16},"end":{"line":25,"column":null}},"7":{"start":{"line":27,"column":2},"end":{"line":33,"column":null}},"8":{"start":{"line":37,"column":2},"end":{"line":37,"column":null}},"9":{"start":{"line":41,"column":8},"end":{"line":41,"column":null}},"10":{"start":{"line":42,"column":2},"end":{"line":42,"column":null}},"11":{"start":{"line":42,"column":14},"end":{"line":42,"column":null}},"12":{"start":{"line":43,"column":2},"end":{"line":48,"column":null}},"13":{"start":{"line":44,"column":24},"end":{"line":44,"column":null}},"14":{"start":{"line":45,"column":4},"end":{"line":45,"column":null}},"15":{"start":{"line":47,"column":4},"end":{"line":47,"column":null}},"16":{"start":{"line":73,"column":18},"end":{"line":73,"column":null}},"17":{"start":{"line":74,"column":2},"end":{"line":76,"column":null}},"18":{"start":{"line":75,"column":4},"end":{"line":75,"column":null}},"19":{"start":{"line":77,"column":2},"end":{"line":77,"column":null}},"20":{"start":{"line":89,"column":18},"end":{"line":89,"column":null}},"21":{"start":{"line":90,"column":2},"end":{"line":92,"column":null}},"22":{"start":{"line":91,"column":4},"end":{"line":91,"column":null}},"23":{"start":{"line":93,"column":2},"end":{"line":95,"column":null}},"24":{"start":{"line":94,"column":4},"end":{"line":94,"column":null}},"25":{"start":{"line":96,"column":2},"end":{"line":96,"column":null}}},"fnMap":{"0":{"name":"getJwtSecret","decl":{"start":{"line":9,"column":9},"end":{"line":9,"column":36}},"loc":{"start":{"line":9,"column":36},"end":{"line":18,"column":null}},"line":9},"1":{"name":"createSession","decl":{"start":{"line":20,"column":22},"end":{"line":20,"column":36}},"loc":{"start":{"line":20,"column":110},"end":{"line":34,"column":null}},"line":20},"2":{"name":"destroySession","decl":{"start":{"line":36,"column":22},"end":{"line":36,"column":39}},"loc":{"start":{"line":36,"column":39},"end":{"line":38,"column":null}},"line":36},"3":{"name":"getSession","decl":{"start":{"line":40,"column":22},"end":{"line":40,"column":35}},"loc":{"start":{"line":40,"column":35},"end":{"line":49,"column":null}},"line":40},"4":{"name":"requireSession","decl":{"start":{"line":72,"column":22},"end":{"line":72,"column":60}},"loc":{"start":{"line":72,"column":60},"end":{"line":78,"column":null}},"line":72},"5":{"name":"requireRole","decl":{"start":{"line":88,"column":22},"end":{"line":88,"column":34}},"loc":{"start":{"line":88,"column":78},"end":{"line":97,"column":null}},"line":88}},"branchMap":{"0":{"loc":{"start":{"line":11,"column":2},"end":{"line":16,"column":null}},"type":"if","locations":[{"start":{"line":11,"column":2},"end":{"line":16,"column":null}},{"start":{},"end":{}}],"line":11},"1":{"loc":{"start":{"line":11,"column":6},"end":{"line":11,"column":45}},"type":"binary-expr","locations":[{"start":{"line":11,"column":6},"end":{"line":11,"column":17}},{"start":{"line":11,"column":17},"end":{"line":11,"column":45}}],"line":11},"2":{"loc":{"start":{"line":42,"column":2},"end":{"line":42,"column":null}},"type":"if","locations":[{"start":{"line":42,"column":2},"end":{"line":42,"column":null}},{"start":{},"end":{}}],"line":42},"3":{"loc":{"start":{"line":74,"column":2},"end":{"line":76,"column":null}},"type":"if","locations":[{"start":{"line":74,"column":2},"end":{"line":76,"column":null}},{"start":{},"end":{}}],"line":74},"4":{"loc":{"start":{"line":90,"column":2},"end":{"line":92,"column":null}},"type":"if","locations":[{"start":{"line":90,"column":2},"end":{"line":92,"column":null}},{"start":{},"end":{}}],"line":90},"5":{"loc":{"start":{"line":93,"column":2},"end":{"line":95,"column":null}},"type":"if","locations":[{"start":{"line":93,"column":2},"end":{"line":95,"column":null}},{"start":{},"end":{}}],"line":93},"6":{"loc":{"start":{"line":93,"column":6},"end":{"line":93,"column":54}},"type":"binary-expr","locations":[{"start":{"line":93,"column":6},"end":{"line":93,"column":23}},{"start":{"line":93,"column":23},"end":{"line":93,"column":54}}],"line":93}},"s":{"0":1,"1":1,"2":12,"3":12,"4":0,"5":12,"6":0,"7":0,"8":0,"9":14,"10":14,"11":2,"12":12,"13":12,"14":11,"15":1,"16":4,"17":4,"18":2,"19":2,"20":10,"21":10,"22":1,"23":9,"24":5,"25":4},"f":{"0":12,"1":0,"2":0,"3":14,"4":4,"5":10},"b":{"0":[0,12],"1":[12,12],"2":[2,12],"3":[2,2],"4":[1,9],"5":[5,4],"6":[9,8]},"meta":{"lastBranch":7,"lastFunction":6,"lastStatement":26,"seen":{"s:5:23:5:Infinity":0,"s:7:24:7:Infinity":1,"f:9:9:9:36":0,"s:10:17:10:Infinity":2,"b:11:2:16:Infinity:undefined:undefined:undefined:undefined":0,"s:11:2:16:Infinity":3,"b:11:6:11:17:11:17:11:45":1,"s:12:4:15:Infinity":4,"s:17:2:17:Infinity":5,"f:20:22:20:36":1,"s:21:16:25:Infinity":6,"s:27:2:33:Infinity":7,"f:36:22:36:39":2,"s:37:2:37:Infinity":8,"f:40:22:40:35":3,"s:41:8:41:Infinity":9,"b:42:2:42:Infinity:undefined:undefined:undefined:undefined":2,"s:42:2:42:Infinity":10,"s:42:14:42:Infinity":11,"s:43:2:48:Infinity":12,"s:44:24:44:Infinity":13,"s:45:4:45:Infinity":14,"s:47:4:47:Infinity":15,"f:72:22:72:60":4,"s:73:18:73:Infinity":16,"b:74:2:76:Infinity:undefined:undefined:undefined:undefined":3,"s:74:2:76:Infinity":17,"s:75:4:75:Infinity":18,"s:77:2:77:Infinity":19,"f:88:22:88:34":5,"s:89:18:89:Infinity":20,"b:90:2:92:Infinity:undefined:undefined:undefined:undefined":4,"s:90:2:92:Infinity":21,"s:91:4:91:Infinity":22,"b:93:2:95:Infinity:undefined:undefined:undefined:undefined":5,"s:93:2:95:Infinity":23,"b:93:6:93:23:93:23:93:54":6,"s:94:4:94:Infinity":24,"s:96:2:96:Infinity":25},"fnNames":{}}}
,"/sessions/lucid-pensive-planck/mnt/leadgen-crm/src/lib/document-numbering.ts": {"path":"/sessions/lucid-pensive-planck/mnt/leadgen-crm/src/lib/document-numbering.ts","statementMap":{"0":{"start":{"line":38,"column":18},"end":{"line":42,"column":null}},"1":{"start":{"line":44,"column":2},"end":{"line":44,"column":null}}},"fnMap":{"0":{"name":"nextDocumentNumber","decl":{"start":{"line":33,"column":22},"end":{"line":33,"column":null}},"loc":{"start":{"line":37,"column":19},"end":{"line":45,"column":null}},"line":37}},"branchMap":{"0":{"loc":{"start":{"line":36,"column":2},"end":{"line":36,"column":null}},"type":"default-arg","locations":[{"start":{"line":36,"column":17},"end":{"line":36,"column":null}}],"line":36}},"s":{"0":11,"1":11},"f":{"0":11},"b":{"0":[11]},"meta":{"lastBranch":1,"lastFunction":1,"lastStatement":2,"seen":{"f:33:22:33:Infinity":0,"b:36:17:36:Infinity":0,"s:38:18:42:Infinity":0,"s:44:2:44:Infinity":1},"fnNames":{}}}
,"/sessions/lucid-pensive-planck/mnt/leadgen-crm/src/lib/event-bus.ts": {"path":"/sessions/lucid-pensive-planck/mnt/leadgen-crm/src/lib/event-bus.ts","statementMap":{"0":{"start":{"line":287,"column":62},"end":{"line":287,"column":null}},"1":{"start":{"line":291,"column":4},"end":{"line":293,"column":null}},"2":{"start":{"line":292,"column":6},"end":{"line":292,"column":null}},"3":{"start":{"line":294,"column":4},"end":{"line":294,"column":null}},"4":{"start":{"line":297,"column":4},"end":{"line":299,"column":null}},"5":{"start":{"line":298,"column":6},"end":{"line":298,"column":null}},"6":{"start":{"line":304,"column":21},"end":{"line":304,"column":null}},"7":{"start":{"line":305,"column":4},"end":{"line":305,"column":null}},"8":{"start":{"line":305,"column":42},"end":{"line":305,"column":null}},"9":{"start":{"line":307,"column":38},"end":{"line":307,"column":null}},"10":{"start":{"line":308,"column":4},"end":{"line":321,"column":null}},"11":{"start":{"line":309,"column":6},"end":{"line":320,"column":null}},"12":{"start":{"line":310,"column":23},"end":{"line":310,"column":null}},"13":{"start":{"line":311,"column":8},"end":{"line":317,"column":null}},"14":{"start":{"line":312,"column":10},"end":{"line":316,"column":null}},"15":{"start":{"line":314,"column":14},"end":{"line":314,"column":null}},"16":{"start":{"line":319,"column":8},"end":{"line":319,"column":null}},"17":{"start":{"line":323,"column":4},"end":{"line":325,"column":null}},"18":{"start":{"line":324,"column":6},"end":{"line":324,"column":null}},"19":{"start":{"line":330,"column":4},"end":{"line":330,"column":null}},"20":{"start":{"line":335,"column":4},"end":{"line":335,"column":null}},"21":{"start":{"line":340,"column":4},"end":{"line":342,"column":null}},"22":{"start":{"line":341,"column":32},"end":{"line":341,"column":49}},"23":{"start":{"line":342,"column":24},"end":{"line":342,"column":29}},"24":{"start":{"line":351,"column":26},"end":{"line":351,"column":null}},"25":{"start":{"line":352,"column":24},"end":{"line":352,"column":null}},"26":{"start":{"line":353,"column":0},"end":{"line":355,"column":null}},"27":{"start":{"line":354,"column":2},"end":{"line":354,"column":null}},"28":{"start":{"line":363,"column":2},"end":{"line":363,"column":null}},"29":{"start":{"line":368,"column":2},"end":{"line":368,"column":null}}},"fnMap":{"0":{"name":"on","decl":{"start":{"line":290,"column":2},"end":{"line":290,"column":29}},"loc":{"start":{"line":290,"column":72},"end":{"line":300,"column":null}},"line":290},"1":{"name":"(anonymous_1)","decl":{"start":{"line":297,"column":4},"end":{"line":297,"column":17}},"loc":{"start":{"line":297,"column":17},"end":{"line":299,"column":null}},"line":297},"2":{"name":"emit","decl":{"start":{"line":303,"column":8},"end":{"line":303,"column":37}},"loc":{"start":{"line":303,"column":91},"end":{"line":326,"column":null}},"line":303},"3":{"name":"(anonymous_3)","decl":{"start":{"line":313,"column":19},"end":{"line":313,"column":26}},"loc":{"start":{"line":313,"column":34},"end":{"line":315,"column":13}},"line":313},"4":{"name":"off","decl":{"start":{"line":329,"column":2},"end":{"line":329,"column":6}},"loc":{"start":{"line":329,"column":33},"end":{"line":331,"column":null}},"line":329},"5":{"name":"clear","decl":{"start":{"line":334,"column":2},"end":{"line":334,"column":16}},"loc":{"start":{"line":334,"column":16},"end":{"line":336,"column":null}},"line":334},"6":{"name":"listEvents","decl":{"start":{"line":339,"column":2},"end":{"line":339,"column":25}},"loc":{"start":{"line":339,"column":25},"end":{"line":343,"column":null}},"line":339},"7":{"name":"(anonymous_7)","decl":{"start":{"line":341,"column":7},"end":{"line":341,"column":15}},"loc":{"start":{"line":341,"column":32},"end":{"line":341,"column":49}},"line":341},"8":{"name":"(anonymous_8)","decl":{"start":{"line":342,"column":7},"end":{"line":342,"column":12}},"loc":{"start":{"line":342,"column":24},"end":{"line":342,"column":29}},"line":342},"9":{"name":"publish","decl":{"start":{"line":362,"column":16},"end":{"line":362,"column":48}},"loc":{"start":{"line":362,"column":87},"end":{"line":364,"column":null}},"line":362},"10":{"name":"subscribe","decl":{"start":{"line":367,"column":16},"end":{"line":367,"column":50}},"loc":{"start":{"line":367,"column":81},"end":{"line":369,"column":null}},"line":367}},"branchMap":{"0":{"loc":{"start":{"line":291,"column":4},"end":{"line":293,"column":null}},"type":"if","locations":[{"start":{"line":291,"column":4},"end":{"line":293,"column":null}},{"start":{},"end":{}}],"line":291},"1":{"loc":{"start":{"line":305,"column":4},"end":{"line":305,"column":null}},"type":"if","locations":[{"start":{"line":305,"column":4},"end":{"line":305,"column":null}},{"start":{},"end":{}}],"line":305},"2":{"loc":{"start":{"line":305,"column":8},"end":{"line":305,"column":42}},"type":"binary-expr","locations":[{"start":{"line":305,"column":8},"end":{"line":305,"column":21}},{"start":{"line":305,"column":21},"end":{"line":305,"column":42}}],"line":305},"3":{"loc":{"start":{"line":311,"column":8},"end":{"line":317,"column":null}},"type":"if","locations":[{"start":{"line":311,"column":8},"end":{"line":317,"column":null}},{"start":{},"end":{}}],"line":311},"4":{"loc":{"start":{"line":323,"column":4},"end":{"line":325,"column":null}},"type":"if","locations":[{"start":{"line":323,"column":4},"end":{"line":325,"column":null}},{"start":{},"end":{}}],"line":323},"5":{"loc":{"start":{"line":352,"column":24},"end":{"line":352,"column":null}},"type":"binary-expr","locations":[{"start":{"line":352,"column":24},"end":{"line":352,"column":56}},{"start":{"line":352,"column":56},"end":{"line":352,"column":null}}],"line":352},"6":{"loc":{"start":{"line":353,"column":0},"end":{"line":355,"column":null}},"type":"if","locations":[{"start":{"line":353,"column":0},"end":{"line":355,"column":null}},{"start":{},"end":{}}],"line":353}},"s":{"0":1,"1":13,"2":11,"3":13,"4":13,"5":1,"6":11,"7":11,"8":5,"9":6,"10":6,"11":8,"12":8,"13":8,"14":1,"15":0,"16":1,"17":6,"18":1,"19":1,"20":12,"21":2,"22":2,"23":2,"24":1,"25":1,"26":1,"27":1,"28":1,"29":1},"f":{"0":13,"1":1,"2":11,"3":0,"4":1,"5":12,"6":2,"7":2,"8":2,"9":1,"10":1},"b":{"0":[11,2],"1":[5,6],"2":[11,7],"3":[1,7],"4":[1,5],"5":[1,1],"6":[1,0]},"meta":{"lastBranch":7,"lastFunction":11,"lastStatement":30,"seen":{"s:287:62:287:Infinity":0,"f:290:2:290:29":0,"b:291:4:293:Infinity:undefined:undefined:undefined:undefined":0,"s:291:4:293:Infinity":1,"s:292:6:292:Infinity":2,"s:294:4:294:Infinity":3,"s:297:4:299:Infinity":4,"f:297:4:297:17":1,"s:298:6:298:Infinity":5,"f:303:8:303:37":2,"s:304:21:304:Infinity":6,"b:305:4:305:Infinity:undefined:undefined:undefined:undefined":1,"s:305:4:305:Infinity":7,"b:305:8:305:21:305:21:305:42":2,"s:305:42:305:Infinity":8,"s:307:38:307:Infinity":9,"s:308:4:321:Infinity":10,"s:309:6:320:Infinity":11,"s:310:23:310:Infinity":12,"b:311:8:317:Infinity:undefined:undefined:undefined:undefined":3,"s:311:8:317:Infinity":13,"s:312:10:316:Infinity":14,"f:313:19:313:26":3,"s:314:14:314:Infinity":15,"s:319:8:319:Infinity":16,"b:323:4:325:Infinity:undefined:undefined:undefined:undefined":4,"s:323:4:325:Infinity":17,"s:324:6:324:Infinity":18,"f:329:2:329:6":4,"s:330:4:330:Infinity":19,"f:334:2:334:16":5,"s:335:4:335:Infinity":20,"f:339:2:339:25":6,"s:340:4:342:Infinity":21,"f:341:7:341:15":7,"s:341:32:341:49":22,"f:342:7:342:12":8,"s:342:24:342:29":23,"s:351:26:351:Infinity":24,"s:352:24:352:Infinity":25,"b:352:24:352:56:352:56:352:Infinity":5,"b:353:0:355:Infinity:undefined:undefined:undefined:undefined":6,"s:353:0:355:Infinity":26,"s:354:2:354:Infinity":27,"f:362:16:362:48":9,"s:363:2:363:Infinity":28,"f:367:16:367:50":10,"s:368:2:368:Infinity":29},"fnNames":{}}}
,"/sessions/lucid-pensive-planck/mnt/leadgen-crm/src/lib/finance.ts": {"path":"/sessions/lucid-pensive-planck/mnt/leadgen-crm/src/lib/finance.ts","statementMap":{"0":{"start":{"line":10,"column":2},"end":{"line":10,"column":null}},"1":{"start":{"line":15,"column":2},"end":{"line":15,"column":null}},"2":{"start":{"line":24,"column":2},"end":{"line":24,"column":null}},"3":{"start":{"line":24,"column":36},"end":{"line":24,"column":null}},"4":{"start":{"line":25,"column":2},"end":{"line":25,"column":null}},"5":{"start":{"line":25,"column":35},"end":{"line":25,"column":null}},"6":{"start":{"line":26,"column":2},"end":{"line":26,"column":null}},"7":{"start":{"line":26,"column":39},"end":{"line":26,"column":null}},"8":{"start":{"line":27,"column":2},"end":{"line":27,"column":null}},"9":{"start":{"line":30,"column":42},"end":{"line":30,"column":55}},"10":{"start":{"line":34,"column":2},"end":{"line":37,"column":null}},"11":{"start":{"line":53,"column":18},"end":{"line":60,"column":null}},"12":{"start":{"line":62,"column":2},"end":{"line":62,"column":null}},"13":{"start":{"line":62,"column":16},"end":{"line":62,"column":null}},"14":{"start":{"line":67,"column":25},"end":{"line":67,"column":null}},"15":{"start":{"line":67,"column":56},"end":{"line":67,"column":85}},"16":{"start":{"line":68,"column":25},"end":{"line":68,"column":null}},"17":{"start":{"line":68,"column":56},"end":{"line":68,"column":85}},"18":{"start":{"line":70,"column":26},"end":{"line":70,"column":null}},"19":{"start":{"line":71,"column":26},"end":{"line":71,"column":null}},"20":{"start":{"line":74,"column":20},"end":{"line":76,"column":null}},"21":{"start":{"line":75,"column":19},"end":{"line":75,"column":38}},"22":{"start":{"line":76,"column":22},"end":{"line":76,"column":36}},"23":{"start":{"line":79,"column":20},"end":{"line":81,"column":null}},"24":{"start":{"line":80,"column":19},"end":{"line":80,"column":38}},"25":{"start":{"line":81,"column":22},"end":{"line":81,"column":36}},"26":{"start":{"line":83,"column":20},"end":{"line":83,"column":null}},"27":{"start":{"line":84,"column":20},"end":{"line":84,"column":null}},"28":{"start":{"line":85,"column":20},"end":{"line":87,"column":null}},"29":{"start":{"line":86,"column":11},"end":{"line":86,"column":null}},"30":{"start":{"line":88,"column":26},"end":{"line":88,"column":null}},"31":{"start":{"line":90,"column":2},"end":{"line":100,"column":null}},"32":{"start":{"line":117,"column":18},"end":{"line":117,"column":null}},"33":{"start":{"line":118,"column":2},"end":{"line":118,"column":null}},"34":{"start":{"line":118,"column":16},"end":{"line":118,"column":null}},"35":{"start":{"line":120,"column":26},"end":{"line":124,"column":null}},"36":{"start":{"line":126,"column":18},"end":{"line":129,"column":null}},"37":{"start":{"line":130,"column":26},"end":{"line":130,"column":null}},"38":{"start":{"line":131,"column":26},"end":{"line":131,"column":null}},"39":{"start":{"line":133,"column":2},"end":{"line":144,"column":null}}},"fnMap":{"0":{"name":"calcContractMonths","decl":{"start":{"line":9,"column":16},"end":{"line":9,"column":35}},"loc":{"start":{"line":9,"column":67},"end":{"line":11,"column":null}},"line":9},"1":{"name":"calcTotalContracted","decl":{"start":{"line":14,"column":16},"end":{"line":14,"column":36}},"loc":{"start":{"line":14,"column":88},"end":{"line":16,"column":null}},"line":14},"2":{"name":"calcFinancialStatus","decl":{"start":{"line":19,"column":16},"end":{"line":19,"column":null}},"loc":{"start":{"line":23,"column":64},"end":{"line":28,"column":null}},"line":23},"3":{"name":"dueDateOverride","decl":{"start":{"line":30,"column":9},"end":{"line":30,"column":25}},"loc":{"start":{"line":30,"column":40},"end":{"line":30,"column":null}},"line":30},"4":{"name":"fmtAOA","decl":{"start":{"line":33,"column":16},"end":{"line":33,"column":23}},"loc":{"start":{"line":33,"column":42},"end":{"line":38,"column":null}},"line":33},"5":{"name":"getCompanyFinanceSummary","decl":{"start":{"line":49,"column":22},"end":{"line":49,"column":null}},"loc":{"start":{"line":52,"column":2},"end":{"line":101,"column":null}},"line":52},"6":{"name":"(anonymous_6)","decl":{"start":{"line":67,"column":42},"end":{"line":67,"column":50}},"loc":{"start":{"line":67,"column":56},"end":{"line":67,"column":85}},"line":67},"7":{"name":"(anonymous_7)","decl":{"start":{"line":68,"column":42},"end":{"line":68,"column":50}},"loc":{"start":{"line":68,"column":56},"end":{"line":68,"column":85}},"line":68},"8":{"name":"(anonymous_8)","decl":{"start":{"line":75,"column":5},"end":{"line":75,"column":13}},"loc":{"start":{"line":75,"column":19},"end":{"line":75,"column":38}},"line":75},"9":{"name":"(anonymous_9)","decl":{"start":{"line":76,"column":5},"end":{"line":76,"column":13}},"loc":{"start":{"line":76,"column":22},"end":{"line":76,"column":36}},"line":76},"10":{"name":"(anonymous_10)","decl":{"start":{"line":80,"column":5},"end":{"line":80,"column":13}},"loc":{"start":{"line":80,"column":19},"end":{"line":80,"column":38}},"line":80},"11":{"name":"(anonymous_11)","decl":{"start":{"line":81,"column":5},"end":{"line":81,"column":13}},"loc":{"start":{"line":81,"column":22},"end":{"line":81,"column":36}},"line":81},"12":{"name":"(anonymous_12)","decl":{"start":{"line":85,"column":35},"end":{"line":85,"column":null}},"loc":{"start":{"line":86,"column":11},"end":{"line":86,"column":null}},"line":86},"13":{"name":"recordFinancialHistory","decl":{"start":{"line":104,"column":22},"end":{"line":104,"column":null}},"loc":{"start":{"line":115,"column":2},"end":{"line":145,"column":null}},"line":115}},"branchMap":{"0":{"loc":{"start":{"line":22,"column":2},"end":{"line":22,"column":null}},"type":"default-arg","locations":[{"start":{"line":22,"column":19},"end":{"line":22,"column":null}}],"line":22},"1":{"loc":{"start":{"line":24,"column":2},"end":{"line":24,"column":null}},"type":"if","locations":[{"start":{"line":24,"column":2},"end":{"line":24,"column":null}},{"start":{},"end":{}}],"line":24},"2":{"loc":{"start":{"line":25,"column":2},"end":{"line":25,"column":null}},"type":"if","locations":[{"start":{"line":25,"column":2},"end":{"line":25,"column":null}},{"start":{},"end":{}}],"line":25},"3":{"loc":{"start":{"line":26,"column":2},"end":{"line":26,"column":null}},"type":"if","locations":[{"start":{"line":26,"column":2},"end":{"line":26,"column":null}},{"start":{},"end":{}}],"line":26},"4":{"loc":{"start":{"line":62,"column":2},"end":{"line":62,"column":null}},"type":"if","locations":[{"start":{"line":62,"column":2},"end":{"line":62,"column":null}},{"start":{},"end":{}}],"line":62},"5":{"loc":{"start":{"line":86,"column":11},"end":{"line":86,"column":null}},"type":"binary-expr","locations":[{"start":{"line":86,"column":11},"end":{"line":86,"column":34}},{"start":{"line":86,"column":34},"end":{"line":86,"column":null}}],"line":86},"6":{"loc":{"start":{"line":118,"column":2},"end":{"line":118,"column":null}},"type":"if","locations":[{"start":{"line":118,"column":2},"end":{"line":118,"column":null}},{"start":{},"end":{}}],"line":118},"7":{"loc":{"start":{"line":130,"column":26},"end":{"line":130,"column":null}},"type":"binary-expr","locations":[{"start":{"line":130,"column":26},"end":{"line":130,"column":49}},{"start":{"line":130,"column":49},"end":{"line":130,"column":null}}],"line":130},"8":{"loc":{"start":{"line":140,"column":22},"end":{"line":140,"column":null}},"type":"binary-expr","locations":[{"start":{"line":140,"column":22},"end":{"line":140,"column":40}},{"start":{"line":140,"column":40},"end":{"line":140,"column":null}}],"line":140},"9":{"loc":{"start":{"line":141,"column":22},"end":{"line":141,"column":null}},"type":"binary-expr","locations":[{"start":{"line":141,"column":22},"end":{"line":141,"column":42}},{"start":{"line":141,"column":42},"end":{"line":141,"column":null}}],"line":141},"10":{"loc":{"start":{"line":142,"column":22},"end":{"line":142,"column":null}},"type":"binary-expr","locations":[{"start":{"line":142,"column":22},"end":{"line":142,"column":42}},{"start":{"line":142,"column":42},"end":{"line":142,"column":null}}],"line":142}},"s":{"0":21,"1":10,"2":12,"3":3,"4":9,"5":5,"6":4,"7":1,"8":3,"9":4,"10":3,"11":7,"12":7,"13":1,"14":6,"15":10,"16":6,"17":10,"18":6,"19":6,"20":6,"21":6,"22":6,"23":6,"24":4,"25":3,"26":6,"27":6,"28":6,"29":6,"30":6,"31":6,"32":0,"33":0,"34":0,"35":0,"36":0,"37":0,"38":0,"39":0},"f":{"0":21,"1":10,"2":12,"3":4,"4":3,"5":7,"6":10,"7":10,"8":6,"9":6,"10":4,"11":3,"12":6,"13":0},"b":{"0":[12],"1":[3,9],"2":[5,4],"3":[1,3],"4":[1,6],"5":[6,0],"6":[0,0],"7":[0,0],"8":[0,0],"9":[0,0],"10":[0,0]},"meta":{"lastBranch":11,"lastFunction":14,"lastStatement":40,"seen":{"f:9:16:9:35":0,"s:10:2:10:Infinity":0,"f:14:16:14:36":1,"s:15:2:15:Infinity":1,"f:19:16:19:Infinity":2,"b:22:19:22:Infinity":0,"b:24:2:24:Infinity:undefined:undefined:undefined:undefined":1,"s:24:2:24:Infinity":2,"s:24:36:24:Infinity":3,"b:25:2:25:Infinity:undefined:undefined:undefined:undefined":2,"s:25:2:25:Infinity":4,"s:25:35:25:Infinity":5,"b:26:2:26:Infinity:undefined:undefined:undefined:undefined":3,"s:26:2:26:Infinity":6,"s:26:39:26:Infinity":7,"s:27:2:27:Infinity":8,"f:30:9:30:25":3,"s:30:42:30:55":9,"f:33:16:33:23":4,"s:34:2:37:Infinity":10,"f:49:22:49:Infinity":5,"s:53:18:60:Infinity":11,"b:62:2:62:Infinity:undefined:undefined:undefined:undefined":4,"s:62:2:62:Infinity":12,"s:62:16:62:Infinity":13,"s:67:25:67:Infinity":14,"f:67:42:67:50":6,"s:67:56:67:85":15,"s:68:25:68:Infinity":16,"f:68:42:68:50":7,"s:68:56:68:85":17,"s:70:26:70:Infinity":18,"s:71:26:71:Infinity":19,"s:74:20:76:Infinity":20,"f:75:5:75:13":8,"s:75:19:75:38":21,"f:76:5:76:13":9,"s:76:22:76:36":22,"s:79:20:81:Infinity":23,"f:80:5:80:13":10,"s:80:19:80:38":24,"f:81:5:81:13":11,"s:81:22:81:36":25,"s:83:20:83:Infinity":26,"s:84:20:84:Infinity":27,"s:85:20:87:Infinity":28,"f:85:35:85:Infinity":12,"s:86:11:86:Infinity":29,"b:86:11:86:34:86:34:86:Infinity":5,"s:88:26:88:Infinity":30,"s:90:2:100:Infinity":31,"f:104:22:104:Infinity":13,"s:117:18:117:Infinity":32,"b:118:2:118:Infinity:undefined:undefined:undefined:undefined":6,"s:118:2:118:Infinity":33,"s:118:16:118:Infinity":34,"s:120:26:124:Infinity":35,"s:126:18:129:Infinity":36,"s:130:26:130:Infinity":37,"b:130:26:130:49:130:49:130:Infinity":7,"s:131:26:131:Infinity":38,"s:133:2:144:Infinity":39,"b:140:22:140:40:140:40:140:Infinity":8,"b:141:22:141:42:141:42:141:Infinity":9,"b:142:22:142:42:142:42:142:Infinity":10},"fnNames":{}}}
,"/sessions/lucid-pensive-planck/mnt/leadgen-crm/src/lib/pricing-service.ts": {"path":"/sessions/lucid-pensive-planck/mnt/leadgen-crm/src/lib/pricing-service.ts","statementMap":{"0":{"start":{"line":51,"column":17},"end":{"line":51,"column":null}},"1":{"start":{"line":51,"column":43},"end":{"line":51,"column":80}},"2":{"start":{"line":52,"column":17},"end":{"line":52,"column":null}},"3":{"start":{"line":52,"column":34},"end":{"line":52,"column":71}},"4":{"start":{"line":53,"column":2},"end":{"line":53,"column":null}},"5":{"start":{"line":53,"column":13},"end":{"line":53,"column":null}},"6":{"start":{"line":54,"column":2},"end":{"line":54,"column":null}},"7":{"start":{"line":54,"column":28},"end":{"line":54,"column":64}},"8":{"start":{"line":67,"column":2},"end":{"line":67,"column":null}},"9":{"start":{"line":75,"column":88},"end":{"line":75,"column":null}},"10":{"start":{"line":77,"column":18},"end":{"line":79,"column":null}},"11":{"start":{"line":81,"column":47},"end":{"line":81,"column":null}},"12":{"start":{"line":82,"column":19},"end":{"line":82,"column":null}},"13":{"start":{"line":84,"column":2},"end":{"line":93,"column":null}},"14":{"start":{"line":85,"column":4},"end":{"line":85,"column":null}},"15":{"start":{"line":86,"column":4},"end":{"line":86,"column":null}},"16":{"start":{"line":87,"column":9},"end":{"line":93,"column":null}},"17":{"start":{"line":88,"column":4},"end":{"line":88,"column":null}},"18":{"start":{"line":89,"column":4},"end":{"line":89,"column":null}},"19":{"start":{"line":90,"column":9},"end":{"line":93,"column":null}},"20":{"start":{"line":91,"column":4},"end":{"line":91,"column":null}},"21":{"start":{"line":92,"column":4},"end":{"line":92,"column":null}},"22":{"start":{"line":95,"column":2},"end":{"line":95,"column":null}},"23":{"start":{"line":107,"column":2},"end":{"line":107,"column":null}},"24":{"start":{"line":108,"column":26},"end":{"line":108,"column":null}},"25":{"start":{"line":109,"column":26},"end":{"line":109,"column":null}},"26":{"start":{"line":110,"column":26},"end":{"line":110,"column":null}},"27":{"start":{"line":111,"column":26},"end":{"line":111,"column":null}},"28":{"start":{"line":112,"column":26},"end":{"line":112,"column":null}},"29":{"start":{"line":113,"column":26},"end":{"line":113,"column":null}},"30":{"start":{"line":114,"column":2},"end":{"line":114,"column":null}},"31":{"start":{"line":118,"column":2},"end":{"line":118,"column":null}},"32":{"start":{"line":118,"column":36},"end":{"line":118,"column":null}},"33":{"start":{"line":119,"column":2},"end":{"line":119,"column":null}}},"fnMap":{"0":{"name":"matchTier","decl":{"start":{"line":47,"column":16},"end":{"line":47,"column":null}},"loc":{"start":{"line":50,"column":31},"end":{"line":55,"column":null}},"line":50},"1":{"name":"(anonymous_1)","decl":{"start":{"line":51,"column":28},"end":{"line":51,"column":34}},"loc":{"start":{"line":51,"column":43},"end":{"line":51,"column":80}},"line":51},"2":{"name":"(anonymous_2)","decl":{"start":{"line":52,"column":24},"end":{"line":52,"column":29}},"loc":{"start":{"line":52,"column":34},"end":{"line":52,"column":71}},"line":52},"3":{"name":"(anonymous_3)","decl":{"start":{"line":54,"column":16},"end":{"line":54,"column":23}},"loc":{"start":{"line":54,"column":28},"end":{"line":54,"column":64}},"line":54},"4":{"name":"calcPriceFromTier","decl":{"start":{"line":60,"column":16},"end":{"line":60,"column":null}},"loc":{"start":{"line":66,"column":18},"end":{"line":68,"column":null}},"line":66},"5":{"name":"calcPrice","decl":{"start":{"line":74,"column":16},"end":{"line":74,"column":26}},"loc":{"start":{"line":74,"column":61},"end":{"line":96,"column":null}},"line":74},"6":{"name":"_applyOverheads","decl":{"start":{"line":98,"column":9},"end":{"line":98,"column":null}},"loc":{"start":{"line":106,"column":18},"end":{"line":115,"column":null}},"line":106},"7":{"name":"priceModeLabel","decl":{"start":{"line":117,"column":16},"end":{"line":117,"column":31}},"loc":{"start":{"line":117,"column":94},"end":{"line":120,"column":null}},"line":117}},"branchMap":{"0":{"loc":{"start":{"line":53,"column":2},"end":{"line":53,"column":null}},"type":"if","locations":[{"start":{"line":53,"column":2},"end":{"line":53,"column":null}},{"start":{},"end":{}}],"line":53},"1":{"loc":{"start":{"line":77,"column":18},"end":{"line":79,"column":null}},"type":"binary-expr","locations":[{"start":{"line":77,"column":18},"end":{"line":77,"column":32}},{"start":{"line":77,"column":32},"end":{"line":79,"column":null}}],"line":77},"2":{"loc":{"start":{"line":77,"column":32},"end":{"line":79,"column":null}},"type":"cond-expr","locations":[{"start":{"line":78,"column":7},"end":{"line":78,"column":null}},{"start":{"line":79,"column":6},"end":{"line":79,"column":null}}],"line":77},"3":{"loc":{"start":{"line":78,"column":7},"end":{"line":78,"column":null}},"type":"binary-expr","locations":[{"start":{"line":78,"column":7},"end":{"line":78,"column":35}},{"start":{"line":78,"column":35},"end":{"line":78,"column":null}}],"line":78},"4":{"loc":{"start":{"line":84,"column":2},"end":{"line":93,"column":null}},"type":"if","locations":[{"start":{"line":84,"column":2},"end":{"line":93,"column":null}},{"start":{"line":87,"column":9},"end":{"line":93,"column":null}}],"line":84},"5":{"loc":{"start":{"line":84,"column":6},"end":{"line":84,"column":40}},"type":"binary-expr","locations":[{"start":{"line":84,"column":6},"end":{"line":84,"column":17}},{"start":{"line":84,"column":17},"end":{"line":84,"column":40}}],"line":84},"6":{"loc":{"start":{"line":87,"column":9},"end":{"line":93,"column":null}},"type":"if","locations":[{"start":{"line":87,"column":9},"end":{"line":93,"column":null}},{"start":{"line":90,"column":9},"end":{"line":93,"column":null}}],"line":87},"7":{"loc":{"start":{"line":87,"column":13},"end":{"line":87,"column":55}},"type":"binary-expr","locations":[{"start":{"line":87,"column":13},"end":{"line":87,"column":32}},{"start":{"line":87,"column":32},"end":{"line":87,"column":55}}],"line":87},"8":{"loc":{"start":{"line":90,"column":9},"end":{"line":93,"column":null}},"type":"if","locations":[{"start":{"line":90,"column":9},"end":{"line":93,"column":null}},{"start":{},"end":{}}],"line":90},"9":{"loc":{"start":{"line":90,"column":13},"end":{"line":90,"column":109}},"type":"binary-expr","locations":[{"start":{"line":90,"column":13},"end":{"line":90,"column":32}},{"start":{"line":90,"column":32},"end":{"line":90,"column":57}},{"start":{"line":90,"column":57},"end":{"line":90,"column":109}}],"line":90},"10":{"loc":{"start":{"line":108,"column":26},"end":{"line":108,"column":null}},"type":"cond-expr","locations":[{"start":{"line":108,"column":40},"end":{"line":108,"column":59}},{"start":{"line":108,"column":59},"end":{"line":108,"column":null}}],"line":108},"11":{"loc":{"start":{"line":118,"column":2},"end":{"line":118,"column":null}},"type":"if","locations":[{"start":{"line":118,"column":2},"end":{"line":118,"column":null}},{"start":{},"end":{}}],"line":118},"12":{"loc":{"start":{"line":118,"column":6},"end":{"line":118,"column":36}},"type":"binary-expr","locations":[{"start":{"line":118,"column":6},"end":{"line":118,"column":25}},{"start":{"line":118,"column":25},"end":{"line":118,"column":36}}],"line":118}},"s":{"0":7,"1":18,"2":7,"3":20,"4":7,"5":2,"6":5,"7":16,"8":5,"9":12,"10":12,"11":12,"12":12,"13":12,"14":3,"15":3,"16":9,"17":2,"18":2,"19":7,"20":1,"21":1,"22":12,"23":17,"24":17,"25":17,"26":17,"27":17,"28":17,"29":17,"30":17,"31":6,"32":1,"33":5},"f":{"0":7,"1":18,"2":20,"3":16,"4":5,"5":12,"6":17,"7":6},"b":{"0":[2,5],"1":[12,11],"2":[3,8],"3":[3,2],"4":[3,9],"5":[12,3],"6":[2,7],"7":[9,2],"8":[1,6],"9":[7,3,2],"10":[2,15],"11":[1,5],"12":[6,2]},"meta":{"lastBranch":13,"lastFunction":8,"lastStatement":34,"seen":{"f:47:16:47:Infinity":0,"s:51:17:51:Infinity":0,"f:51:28:51:34":1,"s:51:43:51:80":1,"s:52:17:52:Infinity":2,"f:52:24:52:29":2,"s:52:34:52:71":3,"b:53:2:53:Infinity:undefined:undefined:undefined:undefined":0,"s:53:2:53:Infinity":4,"s:53:13:53:Infinity":5,"s:54:2:54:Infinity":6,"f:54:16:54:23":3,"s:54:28:54:64":7,"f:60:16:60:Infinity":4,"s:67:2:67:Infinity":8,"f:74:16:74:26":5,"s:75:88:75:Infinity":9,"s:77:18:79:Infinity":10,"b:77:18:77:32:77:32:79:Infinity":1,"b:78:7:78:Infinity:79:6:79:Infinity":2,"b:78:7:78:35:78:35:78:Infinity":3,"s:81:47:81:Infinity":11,"s:82:19:82:Infinity":12,"b:84:2:93:Infinity:87:9:93:Infinity":4,"s:84:2:93:Infinity":13,"b:84:6:84:17:84:17:84:40":5,"s:85:4:85:Infinity":14,"s:86:4:86:Infinity":15,"b:87:9:93:Infinity:90:9:93:Infinity":6,"s:87:9:93:Infinity":16,"b:87:13:87:32:87:32:87:55":7,"s:88:4:88:Infinity":17,"s:89:4:89:Infinity":18,"b:90:9:93:Infinity:undefined:undefined:undefined:undefined":8,"s:90:9:93:Infinity":19,"b:90:13:90:32:90:32:90:57:90:57:90:109":9,"s:91:4:91:Infinity":20,"s:92:4:92:Infinity":21,"s:95:2:95:Infinity":22,"f:98:9:98:Infinity":6,"s:107:2:107:Infinity":23,"s:108:26:108:Infinity":24,"b:108:40:108:59:108:59:108:Infinity":10,"s:109:26:109:Infinity":25,"s:110:26:110:Infinity":26,"s:111:26:111:Infinity":27,"s:112:26:112:Infinity":28,"s:113:26:113:Infinity":29,"s:114:2:114:Infinity":30,"f:117:16:117:31":7,"b:118:2:118:Infinity:undefined:undefined:undefined:undefined":11,"s:118:2:118:Infinity":31,"b:118:6:118:25:118:25:118:36":12,"s:118:36:118:Infinity":32,"s:119:2:119:Infinity":33},"fnNames":{}}}
,"/sessions/lucid-pensive-planck/mnt/leadgen-crm/src/lib/rateLimit.ts": {"path":"/sessions/lucid-pensive-planck/mnt/leadgen-crm/src/lib/rateLimit.ts","statementMap":{"0":{"start":{"line":7,"column":19},"end":{"line":7,"column":null}},"1":{"start":{"line":8,"column":19},"end":{"line":8,"column":null}},"2":{"start":{"line":10,"column":24},"end":{"line":10,"column":null}},"3":{"start":{"line":11,"column":24},"end":{"line":11,"column":null}},"4":{"start":{"line":14,"column":24},"end":{"line":14,"column":null}},"5":{"start":{"line":15,"column":24},"end":{"line":15,"column":null}},"6":{"start":{"line":18,"column":14},"end":{"line":18,"column":null}},"7":{"start":{"line":19,"column":14},"end":{"line":19,"column":null}},"8":{"start":{"line":21,"column":2},"end":{"line":24,"column":null}},"9":{"start":{"line":22,"column":4},"end":{"line":22,"column":null}},"10":{"start":{"line":23,"column":4},"end":{"line":23,"column":null}},"11":{"start":{"line":26,"column":2},"end":{"line":26,"column":null}},"12":{"start":{"line":27,"column":2},"end":{"line":27,"column":null}},"13":{"start":{"line":27,"column":27},"end":{"line":27,"column":null}},"14":{"start":{"line":28,"column":2},"end":{"line":28,"column":null}},"15":{"start":{"line":32,"column":2},"end":{"line":32,"column":null}},"16":{"start":{"line":36,"column":2},"end":{"line":36,"column":null}},"17":{"start":{"line":41,"column":2},"end":{"line":41,"column":null}},"18":{"start":{"line":41,"column":46},"end":{"line":41,"column":null}},"19":{"start":{"line":42,"column":18},"end":{"line":42,"column":null}},"20":{"start":{"line":43,"column":2},"end":{"line":43,"column":null}},"21":{"start":{"line":43,"column":22},"end":{"line":43,"column":null}},"22":{"start":{"line":44,"column":2},"end":{"line":44,"column":null}}},"fnMap":{"0":{"name":"checkStore","decl":{"start":{"line":17,"column":9},"end":{"line":17,"column":20}},"loc":{"start":{"line":17,"column":101},"end":{"line":29,"column":null}},"line":17},"1":{"name":"isRateLimited","decl":{"start":{"line":31,"column":16},"end":{"line":31,"column":30}},"loc":{"start":{"line":31,"column":51},"end":{"line":33,"column":null}},"line":31},"2":{"name":"isLoginRateLimited","decl":{"start":{"line":35,"column":16},"end":{"line":35,"column":35}},"loc":{"start":{"line":35,"column":56},"end":{"line":37,"column":null}},"line":35},"3":{"name":"looksLikeBot","decl":{"start":{"line":40,"column":16},"end":{"line":40,"column":29}},"loc":{"start":{"line":40,"column":79},"end":{"line":45,"column":null}},"line":40}},"branchMap":{"0":{"loc":{"start":{"line":21,"column":2},"end":{"line":24,"column":null}},"type":"if","locations":[{"start":{"line":21,"column":2},"end":{"line":24,"column":null}},{"start":{},"end":{}}],"line":21},"1":{"loc":{"start":{"line":21,"column":6},"end":{"line":21,"column":45}},"type":"binary-expr","locations":[{"start":{"line":21,"column":6},"end":{"line":21,"column":14}},{"start":{"line":21,"column":14},"end":{"line":21,"column":45}}],"line":21},"2":{"loc":{"start":{"line":27,"column":2},"end":{"line":27,"column":null}},"type":"if","locations":[{"start":{"line":27,"column":2},"end":{"line":27,"column":null}},{"start":{},"end":{}}],"line":27},"3":{"loc":{"start":{"line":41,"column":2},"end":{"line":41,"column":null}},"type":"if","locations":[{"start":{"line":41,"column":2},"end":{"line":41,"column":null}},{"start":{},"end":{}}],"line":41},"4":{"loc":{"start":{"line":41,"column":6},"end":{"line":41,"column":46}},"type":"binary-expr","locations":[{"start":{"line":41,"column":6},"end":{"line":41,"column":18}},{"start":{"line":41,"column":18},"end":{"line":41,"column":46}}],"line":41},"5":{"loc":{"start":{"line":43,"column":2},"end":{"line":43,"column":null}},"type":"if","locations":[{"start":{"line":43,"column":2},"end":{"line":43,"column":null}},{"start":{},"end":{}}],"line":43}},"s":{"0":1,"1":1,"2":1,"3":1,"4":1,"5":1,"6":65,"7":65,"8":65,"9":11,"10":11,"11":54,"12":54,"13":12,"14":42,"15":43,"16":22,"17":6,"18":2,"19":4,"20":4,"21":1,"22":3},"f":{"0":65,"1":43,"2":22,"3":6},"b":{"0":[11,54],"1":[65,55],"2":[12,42],"3":[2,4],"4":[6,3],"5":[1,3]},"meta":{"lastBranch":6,"lastFunction":4,"lastStatement":23,"seen":{"s:7:19:7:Infinity":0,"s:8:19:8:Infinity":1,"s:10:24:10:Infinity":2,"s:11:24:11:Infinity":3,"s:14:24:14:Infinity":4,"s:15:24:15:Infinity":5,"f:17:9:17:20":0,"s:18:14:18:Infinity":6,"s:19:14:19:Infinity":7,"b:21:2:24:Infinity:undefined:undefined:undefined:undefined":0,"s:21:2:24:Infinity":8,"b:21:6:21:14:21:14:21:45":1,"s:22:4:22:Infinity":9,"s:23:4:23:Infinity":10,"s:26:2:26:Infinity":11,"b:27:2:27:Infinity:undefined:undefined:undefined:undefined":2,"s:27:2:27:Infinity":12,"s:27:27:27:Infinity":13,"s:28:2:28:Infinity":14,"f:31:16:31:30":1,"s:32:2:32:Infinity":15,"f:35:16:35:35":2,"s:36:2:36:Infinity":16,"f:40:16:40:29":3,"b:41:2:41:Infinity:undefined:undefined:undefined:undefined":3,"s:41:2:41:Infinity":17,"b:41:6:41:18:41:18:41:46":4,"s:41:46:41:Infinity":18,"s:42:18:42:Infinity":19,"b:43:2:43:Infinity:undefined:undefined:undefined:undefined":5,"s:43:2:43:Infinity":20,"s:43:22:43:Infinity":21,"s:44:2:44:Infinity":22},"fnNames":{}}}
,"/sessions/lucid-pensive-planck/mnt/leadgen-crm/src/lib/validators.ts": {"path":"/sessions/lucid-pensive-planck/mnt/leadgen-crm/src/lib/validators.ts","statementMap":{"0":{"start":{"line":2,"column":2},"end":{"line":2,"column":null}},"1":{"start":{"line":6,"column":17},"end":{"line":6,"column":null}},"2":{"start":{"line":7,"column":2},"end":{"line":7,"column":null}},"3":{"start":{"line":11,"column":2},"end":{"line":11,"column":null}}},"fnMap":{"0":{"name":"isValidEmail","decl":{"start":{"line":1,"column":16},"end":{"line":1,"column":29}},"loc":{"start":{"line":1,"column":53},"end":{"line":3,"column":null}},"line":1},"1":{"name":"isValidWhatsapp","decl":{"start":{"line":5,"column":16},"end":{"line":5,"column":32}},"loc":{"start":{"line":5,"column":56},"end":{"line":8,"column":null}},"line":5},"2":{"name":"sanitizeText","decl":{"start":{"line":10,"column":16},"end":{"line":10,"column":29}},"loc":{"start":{"line":10,"column":52},"end":{"line":12,"column":null}},"line":10}},"branchMap":{"0":{"loc":{"start":{"line":7,"column":9},"end":{"line":7,"column":null}},"type":"binary-expr","locations":[{"start":{"line":7,"column":9},"end":{"line":7,"column":31}},{"start":{"line":7,"column":31},"end":{"line":7,"column":null}}],"line":7}},"s":{"0":9,"1":8,"2":8,"3":8},"f":{"0":9,"1":8,"2":8},"b":{"0":[8,6]},"meta":{"lastBranch":1,"lastFunction":3,"lastStatement":4,"seen":{"f:1:16:1:29":0,"s:2:2:2:Infinity":0,"f:5:16:5:32":1,"s:6:17:6:Infinity":1,"s:7:2:7:Infinity":2,"b:7:9:7:31:7:31:7:Infinity":0,"f:10:16:10:29":2,"s:11:2:11:Infinity":3},"fnNames":{}}}
}
